[ '5097819010102300',
  '',
  'nyc.gov/finance NOTICE OF PROPERTY VALUE',
  '',
  ' #BWNFFBV JANUARY 15, 2011',
  ' #5097819110115017#',
  ' OWNER NAME:',
  ' -',
  ' YORKVILLE GARDNS HSGETC YORKVILLE GARDNS HSGETC',
  ' 225 E 93RD ST',
  ' NEW YORK NY 10128-3774 PROPERTY ADDRESS:',
  '',
  ' 225 EAST 93 STREET',
  '',
  ' BOROUGH BLOCK LOT',
  ' 10',
  ' MANHATTAN 1539',
  '',
  ' TAX CLASS: 2',
  '',
  ' UNITS: 133 RESIDENTIAL',
  '',
  ' Current Tax Year Change Tax Year 2011/12',
  ' 7/1/10 - 6/30/11 7/1/11 - 6/30/12',
  '',
  'Every year the Department of Finance notifies you of your property\'s value and describes how we arrived',
  'at that value. The Department of Finance estimated the value of your property as follows:',
  '',
  'Market Value = $7,680,000 +$1,883,000 $9,563,000',
  'Actual Assessed Value = $3,456,000 +$847,350 $4,303,350',
  'Actual Exemption Value = $3,456,000 +$847,350 $4,303,350',
  'Transitional Assessed Value = $4,608,900 -$282,330 $4,326,570',
  'Transitional Exemption Value = $4,608,900 -$282,330 $4,326,570',
  'Taxable Value = +$0',
  ' $0 $0',
  '',
  'Exemption: ST ASSISTED PRIV HSG',
  '',
  'Market Value: Finance estimated your market value by using the income that your property receives or could receive.',
  '',
  'Actual Assessed Value: Finance multiplied your property\'s market value by an assessment ratio of 45% to determine the actual',
  'assessed value.',
  '',
  'Exemption Value: The values of any actual or transitional exemption currently on Finance\'s records.',
  '',
  'Transitional Assessed Value: Finance phased in your assessed value, as the law requires.',
  '',
  'Taxable Value: Is equal to the assessed value less any exemptions.',
  '',
  'If You Believe Any of the Following are Incorrect:',
  'Market Value: There are two reasons why your market value could be wrong. First, we could have incorrect information about your',
  'property (e.g., square footage, number of units, property description, etc.). Second, our income estimate might be incorrect. If so,',
  'please fill out the Request for Review of Property Value form available on our website at nyc.gov/finance or call 311 for assistance.',
  'Outside the five boroughs, please call 212-639-9675.',
  'Assessed Or Exempt Value: You may file a protest with the NYC Tax Commission, an independent agency. The deadline for you to',
  'file is March 1, 2011. Visit the NYC Tax Commission website at nyc.gov/html/taxcomm or call 311 for more information.',
  '',
  ' FOR DETAILED INFORMATION ON HOW FINANCE VALUED THIS PROPERTY,',
  ' PLEASE SEE THE BACK OF THIS NOTICE',
  '',
  ' THIS IS NOT A BILL',
  '',
  '114802',
  '001411.01',
  ' DETAILED VALUE INFORMATION',
  '',
  ' Property Address: 225 EAST 93 STREET Borough: MANHATTAN Lot: 10',
  'Building Class: D9 - Elevator apartments Block: 1539',
  '',
  'Market Value: Finance estimated your property\'s market value by dividing net operating income by the overall',
  'capitalization rate. Any difference between your calculation and that of the Department of Finance is due to',
  'rounding.',
  '',
  ' The Department of Finance estimates that as of January 5, 2011, the market value for this property is',
  '',
  ' $9,563,000. Finance will use this market value to determine your property taxes starting July 1, 2011.',
  '',
  ' Finance estimated your property\'s market value using the income approach.',
  '',
  'Factors Used By Finance To Determine Market Value:',
  '',
  ' Building Gross Square Footage: We estimated building gross square footage at 109,913.',
  '',
  ' Gross Income: We estimated gross income at $2,419,185.',
  '',
  ' Expenses: We estimated expenses at $1,113,419.',
  '',
  ' Net Operating Income: We subtracted estimated expenses from estimated gross income, resulting',
  '',
  ' in a net operating income of $1,305,766.',
  '',
  ' Base Cap Rate: We used a capitalization rate of 7.646% which is Finance\'s estimate of the rate of return',
  '',
  ' that an ordinary investor would expect on their investment in this type of property.',
  '',
  ' Overall Cap Rate: We added an effective tax rate of 6.009% to account for taxes due. Added together',
  '',
  ' your overall capitalization rate is 13.655%.' ]
