[ 'nyc.gov/finance 49493791401150100140501300P',
  '',
  ' #BWNFFBV NOTICE OF PROPERTY VALUE',
  ' #4949379140115019#',
  ' JANUARY 15, 2014',
  ' YORKVILLE GARDNS HSGETC',
  ' 225 E 93RD ST',
  ' NEW YORK NY 10128-3774',
  '',
  'What is This Notice?',
  'This notice gives you information about how we value your property. THIS IS NOT A BILL',
  '',
  'Property Description',
  '',
  'Owner Name YORKVILLE GARDNS HSGETC',
  'Property Address 225 EAST 93 STREET',
  'Borough-Block-Lot MANHATTAN (1)-1539-10',
  'Tax Class 2 (Primarily residential property with more than ten units)',
  'Building Class D9 (Elevator apartments)',
  'Number of Units 133 Residential',
  '',
  'Property Assessment',
  '',
  ' July 1, 2013 thru Change July 1, 2014 thru',
  ' June 30, 2014 June 30, 2015',
  '',
  'Market Value $11,261,000 +$1,248,000 $12,509,000',
  'Level of Assessment 45% -- 45%',
  'Actual Assessed Value',
  'Transitional Assessed Value $5,067,450 +$561,600 $5,629,050',
  'Exemption: ST ASSISTED PRIV HSG $4,254,840 +$385,110 $4,639,950',
  '',
  'Important Information',
  '',
  'If you disagree with your property value, you may appeal to the NYC Tax Commission no later than March 3, 2014.',
  '',
  'Real Property Income and Expense',
  '',
  'If you own income producing property, you must file a Real Property Incom e and Expense Statement or a Claim of Exclusion unless',
  'you are exempt by law. The deadline to file is June 2, 2014. Failure to file will result in penalties and interest, which will become a',
  'lien on your property if they go unpaid. Visit nyc.gov/rpie for more information.',
  '',
  'Questions?',
  '',
  'Visit nyc.gov/finance or contact 311 for more detailed information about your property, this notice, and to read our Class 2 Property',
  'Tax Guide.',
  '',
  '117119',
  '001405.01',
  ' DETAILED VALUE INFORMATION',
  '',
  ' Property Address: 225 EAST 93 STREET Borough: MANHATTAN',
  ' Building Class: D9 - Elevator apartments Block: 1539 Lot: 10',
  '',
  'The Department of Finance estimates that as of January 5, 2014, the market value for this property is $12,509,000.',
  'Finance will use this market value to determine your property taxes starting July 1, 2014.',
  '',
  'Finance estimated your property\'s market value using the income approach. Market value is found by dividing the net',
  'operating income by the overall cap rate.',
  '',
  'Factors Used By Finance To Determine Market Value:',
  '',
  ' Building Gross Square Footage: We estimated building gross square footage at 109,913.',
  '',
  ' Gross Income: We estimated gross income at $2,917,091.',
  '',
  ' Expenses: We estimated expenses at $1,272,793.',
  '',
  ' Net Operating Income: We subtracted estimated expenses from estimated gross income, resulting in a net operating',
  ' income of $1,644,298.',
  '',
  ' Base Cap Rate: We used a capitalization rate of 7.230% which is Finance\'s estimate of the rate of return that an',
  ' ordinary investor would expect on their investment in this type of property.',
  '',
  ' Overall Cap Rate: We added an effective tax rate of 5.915% to account for taxes due. Added together your overall',
  ' capitalization rate is 13.145%.',
  '',
  'Property Characteristics - Finance has the following information on record for your property:',
  '',
  'Number of Buildings: 1 Gross Square Footage: 109,913',
  'Number of Stories: 13.00',
  'Structure Type: Highrise Apt Number of Residential Units: 133',
  'Grade: C Grade',
  'Construction Type: Fireproof Unsp Gross Residential Sq. Footage: 109,913',
  'Year Built: 1985',
  ' Number of Commercial Units: 0',
  '',
  ' Gross Commercial Sq. Footage: 0',
  '',
  ' Primary Zoning: C4-6',
  '',
  'E' ]
